android/Posts Navigator/proguard/seeds.txt
com.google.common.base.AbstractIterator$State: com.google.common.base.AbstractIterator$State[] values()
com.google.common.base.AbstractIterator$State: com.google.common.base.AbstractIterator$State valueOf(java.lang.String)
com.google.common.base.CaseFormat: com.google.common.base.CaseFormat[] values()
com.google.common.base.CaseFormat: com.google.common.base.CaseFormat valueOf(java.lang.String)
com.google.common.base.Functions$IdentityFunction: com.google.common.base.Functions$IdentityFunction[] values()
com.google.common.base.Functions$IdentityFunction: com.google.common.base.Functions$IdentityFunction valueOf(java.lang.String)
com.google.common.base.Functions$ToStringFunction: com.google.common.base.Functions$ToStringFunction[] values()
com.google.common.base.Functions$ToStringFunction: com.google.common.base.Functions$ToStringFunction valueOf(java.lang.String)
com.google.common.base.Predicates$ObjectPredicate: com.google.common.base.Predicates$ObjectPredicate[] values()
com.google.common.base.Predicates$ObjectPredicate: com.google.common.base.Predicates$ObjectPredicate valueOf(java.lang.String)
com.google.common.base.Suppliers$SupplierFunction: com.google.common.base.Suppliers$SupplierFunction[] values()
com.google.common.base.Suppliers$SupplierFunction: com.google.common.base.Suppliers$SupplierFunction valueOf(java.lang.String)
com.google.common.cache.CacheBuilder$NullListener: com.google.common.cache.CacheBuilder$NullListener[] values()
com.google.common.cache.CacheBuilder$NullListener: com.google.common.cache.CacheBuilder$NullListener valueOf(java.lang.String)
com.google.common.cache.CacheBuilder$OneWeigher: com.google.common.cache.CacheBuilder$OneWeigher[] values()
com.google.common.cache.CacheBuilder$OneWeigher: com.google.common.cache.CacheBuilder$OneWeigher valueOf(java.lang.String)
com.google.common.cache.LocalCache$EntryFactory: com.google.common.cache.LocalCache$EntryFactory[] values()
com.google.common.cache.LocalCache$EntryFactory: com.google.common.cache.LocalCache$EntryFactory valueOf(java.lang.String)
com.google.common.cache.LocalCache$NullEntry: com.google.common.cache.LocalCache$NullEntry[] values()
com.google.common.cache.LocalCache$NullEntry: com.google.common.cache.LocalCache$NullEntry valueOf(java.lang.String)
com.google.common.cache.LocalCache$Strength: com.google.common.cache.LocalCache$Strength[] values()
com.google.common.cache.LocalCache$Strength: com.google.common.cache.LocalCache$Strength valueOf(java.lang.String)
com.google.common.cache.RemovalCause: com.google.common.cache.RemovalCause[] values()
com.google.common.cache.RemovalCause: com.google.common.cache.RemovalCause valueOf(java.lang.String)
com.google.common.collect.AbstractIterator$State: com.google.common.collect.AbstractIterator$State[] values()
com.google.common.collect.AbstractIterator$State: com.google.common.collect.AbstractIterator$State valueOf(java.lang.String)
com.google.common.collect.BoundType: com.google.common.collect.BoundType[] values()
com.google.common.collect.BoundType: com.google.common.collect.BoundType valueOf(java.lang.String)
com.google.common.collect.BstModificationResult$ModificationType: com.google.common.collect.BstModificationResult$ModificationType[] values()
com.google.common.collect.BstModificationResult$ModificationType: com.google.common.collect.BstModificationResult$ModificationType valueOf(java.lang.String)
com.google.common.collect.BstSide: com.google.common.collect.BstSide[] values()
com.google.common.collect.BstSide: com.google.common.collect.BstSide valueOf(java.lang.String)
com.google.common.collect.Constraints$NotNullConstraint: com.google.common.collect.Constraints$NotNullConstraint[] values()
com.google.common.collect.Constraints$NotNullConstraint: com.google.common.collect.Constraints$NotNullConstraint valueOf(java.lang.String)