android/Posts Navigator/proguard/usage.txt
com.google.api.client.json.gson.GsonFactory
com.google.api.client.json.gson.GsonGenerator
com.google.api.client.json.gson.GsonGenerator$StringNumber
com.google.api.client.json.gson.GsonParser
com.google.api.client.json.gson.GsonParser$1
com.google.api.client.json.jackson.JacksonFactory
com.google.api.client.json.jackson.JacksonFactory$1
com.google.api.client.json.jackson.JacksonGenerator
com.google.api.client.json.jackson.JacksonParser
com.google.api.client.json.rpc2.JsonRpcRequest
com.google.api.client.protobuf.ProtoObjectParser
com.google.api.client.protobuf.ProtocolBuffers
com.google.api.client.repackaged.org.apache.commons.codec.BinaryDecoder
com.google.api.client.repackaged.org.apache.commons.codec.BinaryEncoder
com.google.api.client.repackaged.org.apache.commons.codec.Decoder
com.google.api.client.repackaged.org.apache.commons.codec.DecoderException
com.google.api.client.repackaged.org.apache.commons.codec.Encoder
com.google.api.client.repackaged.org.apache.commons.codec.EncoderException
com.google.api.client.repackaged.org.apache.commons.codec.binary.Base64
com.google.api.client.repackaged.org.apache.commons.codec.binary.BaseNCodec
com.google.api.client.repackaged.org.apache.commons.codec.binary.StringUtils:
    34:34:public StringUtils()
    49:49:public static byte[] getBytesIso8859_1(java.lang.String)
    65:65:public static byte[] getBytesUsAscii(java.lang.String)
    81:81:public static byte[] getBytesUtf16(java.lang.String)
    97:97:public static byte[] getBytesUtf16Be(java.lang.String)
    113:113:public static byte[] getBytesUtf16Le(java.lang.String)
    186:192:public static java.lang.String newString(byte[],java.lang.String)
    208:208:public static java.lang.String newStringIso8859_1(byte[])
    223:223:public static java.lang.String newStringUsAscii(byte[])
    238:238:public static java.lang.String newStringUtf16(byte[])
    253:253:public static java.lang.String newStringUtf16Be(byte[])
    268:268:public static java.lang.String newStringUtf16Le(byte[])
    283:283:public static java.lang.String newStringUtf8(byte[])
com.google.api.client.testing.http.FixedClock
com.google.api.client.testing.http.HttpTesting
com.google.api.client.testing.http.MockHttpContent
com.google.api.client.testing.http.MockHttpTransport
com.google.api.client.testing.http.MockHttpTransport$Builder
com.google.api.client.testing.http.MockHttpUnsuccessfulResponseHandler
com.google.api.client.testing.http.MockLowLevelHttpRequest
com.google.api.client.testing.http.MockLowLevelHttpResponse
com.google.api.client.util.ArrayMap:
    67:69:public static com.google.api.client.util.ArrayMap create(int)
    83:92:public static varargs com.google.api.client.util.ArrayMap of(java.lang.Object[])
    168:169:public final void add(java.lang.Object,java.lang.Object)
    226:227:public final void trim()
com.google.api.client.util.ArrayValueMap:
    139:145:public void put(java.lang.String,java.lang.Class,java.lang.Object)
com.google.api.client.util.Base64
com.google.api.client.util.ClassInfo:
    105:105:public java.lang.Class getUnderlyingClass()
    158:158:public java.util.Collection getNames()
com.google.api.client.util.Clock
com.google.api.client.util.Clock$1
com.google.api.client.util.Data:
    46:46:public Data()
com.google.api.client.util.DateTime:
    private static final long serialVersionUID
    59:64:public DateTime(java.util.Date,java.util.TimeZone)
    71:72:public DateTime(java.util.Date)
    75:76:public DateTime(long,java.lang.Integer)
    95:95:public long getValue()
    104:104:public boolean isDateOnly()
    113:113:public java.lang.Integer getTimeZoneShift()
com.google.api.client.util.FieldInfo:
    213:213:public com.google.api.client.util.ClassInfo getClassInfo()
com.google.api.client.util.GenericData:
    180:180:public final java.util.Map getUnknownKeys()
    189:190:public final void setUnknownKeys(java.util.Map)